#
# There is insufficient memory for the Java Runtime Environment to continue.
# Native memory allocation (malloc) failed to allocate 2574224 bytes. Error detail: Chunk::new
# Possible reasons:
#   The system is out of physical RAM or swap space
#   This process is running with CompressedOops enabled, and the Java Heap may be blocking the growth of the native heap
# Possible solutions:
#   Reduce memory load on the system
#   Increase physical memory or swap space
#   Check if swap backing store is full
#   Decrease Java heap size (-Xmx/-Xms)
#   Decrease number of Java threads
#   Decrease Java thread stack sizes (-Xss)
#   Set larger code cache with -XX:ReservedCodeCacheSize=
#   JVM is running with Zero Based Compressed Oops mode in which the Java heap is
#     placed in the first 32GB address space. The Java Heap base address is the
#     maximum limit for the native heap growth. Please use -XX:HeapBaseMinAddress
#     to set the Java Heap base and to place the Java Heap above 32GB virtual address.
# This output file may be truncated or incomplete.
#
#  Out of Memory Error (arena.cpp:162), pid=15616, tid=27364
#
# JRE version: Java(TM) SE Runtime Environment (24.0+36) (build 24+36-3646)
# Java VM: Java HotSpot(TM) 64-Bit Server VM (24+36-3646, mixed mode, sharing, tiered, compressed oops, compressed class ptrs, g1 gc, windows-amd64)
# No core dump will be written. Minidumps are not enabled by default on client versions of Windows
#

---------------  S U M M A R Y ------------

Command Line: -javaagent:C:\Program Files\JetBrains\IntelliJ IDEA Community Edition 2025.1.3\lib\idea_rt.jar=59514 -Dfile.encoding=UTF-8 -Dsun.stdout.encoding=UTF-8 -Dsun.stderr.encoding=UTF-8 com.KhataApplication.KhataApplication

Host: AMD Ryzen 7 5800H with Radeon Graphics         , 16 cores, 13G,  Windows 11 , 64 bit Build 26100 (10.0.26100.7309)
Time: Mon Dec 22 12:46:40 2025 India Standard Time elapsed time: 838.850665 seconds (0d 0h 13m 58s)

---------------  T H R E A D  ---------------

Current thread (0x000001e92c682150):  JavaThread "C2 CompilerThread0" daemon [_thread_in_native, id=27364, stack(0x0000008baa500000,0x0000008baa600000) (1024K)]


Current CompileTask:
C2:838850 6881       4       java.util.AbstractCollection::containsAll (38 bytes)

Stack: [0x0000008baa500000,0x0000008baa600000]
Native frames: (J=compiled Java code, j=interpreted, Vv=VM code, C=native code)
V  [jvm.dll+0x7308c9]  (no source info available)
V  [jvm.dll+0x8d9ca3]  (no source info available)
V  [jvm.dll+0x8dc13d]  (no source info available)
V  [jvm.dll+0x8dc7b3]  (no source info available)
V  [jvm.dll+0x2aa046]  (no source info available)
V  [jvm.dll+0xced8f]  (no source info available)
V  [jvm.dll+0xcefef]  (no source info available)
V  [jvm.dll+0x154d23]  (no source info available)
V  [jvm.dll+0x7360ef]  (no source info available)
V  [jvm.dll+0x26f9dc]  (no source info available)
V  [jvm.dll+0x26e9ff]  (no source info available)
V  [jvm.dll+0x1e9d00]  (no source info available)
V  [jvm.dll+0x27e1bb]  (no source info available)
V  [jvm.dll+0x27c45a]  (no source info available)
V  [jvm.dll+0x42f566]  (no source info available)
V  [jvm.dll+0x87d8fb]  (no source info available)
V  [jvm.dll+0x72efe5]  (no source info available)
C  [ucrtbase.dll+0x37b0]  (no source info available)
C  [KERNEL32.DLL+0x2e8d7]  (no source info available)
C  [ntdll.dll+0x8c53c]  (no source info available)

Lock stack of current Java thread (top to bottom):


---------------  P R O C E S S  ---------------

Threads class SMR info:
_java_thread_list=0x000001e975bcdd40, length=31, elements={
0x000001e92c669080, 0x000001e92c6697c0, 0x000001e92c66e860, 0x000001e92c66f390,
0x000001e92c6708e0, 0x000001e92c6758d0, 0x000001e92c682150, 0x000001e92c6840f0,
0x000001e92c674a30, 0x000001e92c6725a0, 0x000001e92c675180, 0x000001e972b0f060,
0x000001e972b0f7b0, 0x000001e972b0c480, 0x000001e972b10650, 0x000001e972b114f0,
0x000001e972b0e1c0, 0x000001e972b11c40, 0x000001e972b12ae0, 0x000001e9731ac420,
0x000001e9731ab580, 0x000001e9731acb70, 0x000001e9731abcd0, 0x000001e9731ad2c0,
0x000001e9731ada10, 0x000001e9731ae160, 0x000001e9731aae30, 0x000001e9731af750,
0x000001e9731b1490, 0x000001e9731afea0, 0x000001e9731b05f0
}

Java Threads: ( => current thread )
  0x000001e92c669080 JavaThread "Reference Handler"          daemon [_thread_blocked, id=22664, stack(0x0000008ba9f00000,0x0000008baa000000) (1024K)]
  0x000001e92c6697c0 JavaThread "Finalizer"                  daemon [_thread_blocked, id=32064, stack(0x0000008baa000000,0x0000008baa100000) (1024K)]
  0x000001e92c66e860 JavaThread "Signal Dispatcher"          daemon [_thread_blocked, id=4460, stack(0x0000008baa100000,0x0000008baa200000) (1024K)]
  0x000001e92c66f390 JavaThread "Attach Listener"            daemon [_thread_blocked, id=21068, stack(0x0000008baa200000,0x0000008baa300000) (1024K)]
  0x000001e92c6708e0 JavaThread "Service Thread"             daemon [_thread_blocked, id=13184, stack(0x0000008baa300000,0x0000008baa400000) (1024K)]
  0x000001e92c6758d0 JavaThread "Monitor Deflation Thread"   daemon [_thread_blocked, id=28124, stack(0x0000008baa400000,0x0000008baa500000) (1024K)]
=>0x000001e92c682150 JavaThread "C2 CompilerThread0"         daemon [_thread_in_native, id=27364, stack(0x0000008baa500000,0x0000008baa600000) (1024K)]
  0x000001e92c6840f0 JavaThread "C1 CompilerThread0"         daemon [_thread_blocked, id=31180, stack(0x0000008baa600000,0x0000008baa700000) (1024K)]
  0x000001e92c674a30 JavaThread "Common-Cleaner"             daemon [_thread_blocked, id=32812, stack(0x0000008baa700000,0x0000008baa800000) (1024K)]
  0x000001e92c6725a0 JavaThread "Monitor Ctrl-Break"         daemon [_thread_in_native, id=29552, stack(0x0000008baac00000,0x0000008baad00000) (1024K)]
  0x000001e92c675180 JavaThread "Notification Thread"        daemon [_thread_blocked, id=15968, stack(0x0000008baad00000,0x0000008baae00000) (1024K)]
  0x000001e972b0f060 JavaThread "Catalina-utility-1"                [_thread_blocked, id=4784, stack(0x0000008bac100000,0x0000008bac200000) (1024K)]
  0x000001e972b0f7b0 JavaThread "Catalina-utility-2"                [_thread_blocked, id=13140, stack(0x0000008bac200000,0x0000008bac300000) (1024K)]
  0x000001e972b0c480 JavaThread "container-0"                       [_thread_blocked, id=26408, stack(0x0000008bac300000,0x0000008bac400000) (1024K)]
  0x000001e972b10650 JavaThread "PostgreSQL-JDBC-Cleaner"    daemon [_thread_blocked, id=7620, stack(0x0000008bac400000,0x0000008bac500000) (1024K)]
  0x000001e972b114f0 JavaThread "HikariPool-1:housekeeper"   daemon [_thread_blocked, id=22416, stack(0x0000008bac500000,0x0000008bac600000) (1024K)]
  0x000001e972b0e1c0 JavaThread "File Watcher"               daemon [_thread_blocked, id=6592, stack(0x0000008bac700000,0x0000008bac800000) (1024K)]
  0x000001e972b11c40 JavaThread "Live Reload Server"         daemon [_thread_in_native, id=23676, stack(0x0000008bac900000,0x0000008baca00000) (1024K)]
  0x000001e972b12ae0 JavaThread "http-nio-8080-exec-1"       daemon [_thread_blocked, id=23748, stack(0x0000008bac800000,0x0000008bac900000) (1024K)]
  0x000001e9731ac420 JavaThread "http-nio-8080-exec-2"       daemon [_thread_blocked, id=30368, stack(0x0000008baca00000,0x0000008bacb00000) (1024K)]
  0x000001e9731ab580 JavaThread "http-nio-8080-exec-3"       daemon [_thread_blocked, id=13272, stack(0x0000008bacb00000,0x0000008bacc00000) (1024K)]
  0x000001e9731acb70 JavaThread "http-nio-8080-exec-4"       daemon [_thread_blocked, id=12384, stack(0x0000008bacc00000,0x0000008bacd00000) (1024K)]
  0x000001e9731abcd0 JavaThread "http-nio-8080-exec-5"       daemon [_thread_blocked, id=33392, stack(0x0000008bacd00000,0x0000008bace00000) (1024K)]
  0x000001e9731ad2c0 JavaThread "http-nio-8080-exec-6"       daemon [_thread_blocked, id=28028, stack(0x0000008bace00000,0x0000008bacf00000) (1024K)]
  0x000001e9731ada10 JavaThread "http-nio-8080-exec-7"       daemon [_thread_blocked, id=16260, stack(0x0000008bacf00000,0x0000008bad000000) (1024K)]
  0x000001e9731ae160 JavaThread "http-nio-8080-exec-8"       daemon [_thread_blocked, id=17796, stack(0x0000008bad000000,0x0000008bad100000) (1024K)]
  0x000001e9731aae30 JavaThread "http-nio-8080-exec-9"       daemon [_thread_blocked, id=22204, stack(0x0000008bad100000,0x0000008bad200000) (1024K)]
  0x000001e9731af750 JavaThread "http-nio-8080-exec-10"      daemon [_thread_blocked, id=28648, stack(0x0000008bad200000,0x0000008bad300000) (1024K)]
  0x000001e9731b1490 JavaThread "http-nio-8080-Poller"       daemon [_thread_in_native, id=24268, stack(0x0000008bad300000,0x0000008bad400000) (1024K)]
  0x000001e9731afea0 JavaThread "http-nio-8080-Acceptor"     daemon [_thread_in_native, id=15044, stack(0x0000008bad400000,0x0000008bad500000) (1024K)]
  0x000001e9731b05f0 JavaThread "DestroyJavaVM"                     [_thread_blocked, id=1888, stack(0x0000008ba9700000,0x0000008ba9800000) (1024K)]
Total: 31

Other Threads:
  0x000001e92c64f660 VMThread "VM Thread"                           [id=11408, stack(0x0000008ba9e00000,0x0000008ba9f00000) (1024K)]
  0x000001e92c519a90 WatcherThread "VM Periodic Task Thread"        [id=27880, stack(0x0000008ba9d00000,0x0000008ba9e00000) (1024K)]
  0x000001e90b1456b0 WorkerThread "GC Thread#0"                     [id=22520, stack(0x0000008ba9800000,0x0000008ba9900000) (1024K)]
  0x000001e972c17230 WorkerThread "GC Thread#1"                     [id=25116, stack(0x0000008bab100000,0x0000008bab200000) (1024K)]
  0x000001e972cb84c0 WorkerThread "GC Thread#2"                     [id=21776, stack(0x0000008bab200000,0x0000008bab300000) (1024K)]
  0x000001e972cb8c70 WorkerThread "GC Thread#3"                     [id=25148, stack(0x0000008bab300000,0x0000008bab400000) (1024K)]
  0x000001e972cb9430 WorkerThread "GC Thread#4"                     [id=33620, stack(0x0000008bab400000,0x0000008bab500000) (1024K)]
  0x000001e972beeeb0 WorkerThread "GC Thread#5"                     [id=30248, stack(0x0000008bab500000,0x0000008bab600000) (1024K)]
  0x000001e972bef260 WorkerThread "GC Thread#6"                     [id=10984, stack(0x0000008bab600000,0x0000008bab700000) (1024K)]
  0x000001e972befe30 WorkerThread "GC Thread#7"                     [id=6644, stack(0x0000008bab700000,0x0000008bab800000) (1024K)]
  0x000001e9735838d0 WorkerThread "GC Thread#8"                     [id=18636, stack(0x0000008bab800000,0x0000008bab900000) (1024K)]
  0x000001e97464cd30 WorkerThread "GC Thread#9"                     [id=15032, stack(0x0000008bab000000,0x0000008bab100000) (1024K)]
  0x000001e97464be70 WorkerThread "GC Thread#10"                    [id=13568, stack(0x0000008babe00000,0x0000008babf00000) (1024K)]
  0x000001e97464dbf0 WorkerThread "GC Thread#11"                    [id=26080, stack(0x0000008babf00000,0x0000008bac000000) (1024K)]
  0x000001e97464afb0 WorkerThread "GC Thread#12"                    [id=11880, stack(0x0000008bac000000,0x0000008bac100000) (1024K)]
  0x000001e90b159f30 ConcurrentGCThread "G1 Main Marker"            [id=29708, stack(0x0000008ba9900000,0x0000008ba9a00000) (1024K)]
  0x000001e90b15b1e0 WorkerThread "G1 Conc#0"                       [id=24752, stack(0x0000008ba9a00000,0x0000008ba9b00000) (1024K)]
  0x000001e9735843e0 WorkerThread "G1 Conc#1"                       [id=30268, stack(0x0000008babb00000,0x0000008babc00000) (1024K)]
  0x000001e973583c80 WorkerThread "G1 Conc#2"                       [id=11340, stack(0x0000008babc00000,0x0000008babd00000) (1024K)]
  0x000001e92c50c690 ConcurrentGCThread "G1 Refine#0"               [id=11664, stack(0x0000008ba9b00000,0x0000008ba9c00000) (1024K)]
  0x000001e92c50d120 ConcurrentGCThread "G1 Service"                [id=18984, stack(0x0000008ba9c00000,0x0000008ba9d00000) (1024K)]
Total: 21

Threads with active compile tasks:
C2 CompilerThread0  838905 6881       4       java.util.AbstractCollection::containsAll (38 bytes)
Total: 1

VM state: not at safepoint (normal execution)

VM Mutex/Monitor currently owned by a thread: None

Heap address: 0x0000000722400000, size: 3548 MB, Compressed Oops mode: Zero based, Oop shift amount: 3

CDS archive(s) mapped at: [0x000001e92d000000-0x000001e92dd40000-0x000001e92dd40000), size 13893632, SharedBaseAddress: 0x000001e92d000000, ArchiveRelocationMode: 1.
Compressed class space mapped at: 0x000001e92e000000-0x000001e96e000000, reserved size: 1073741824
UseCompressedClassPointers 1, UseCompactObjectHeaders 0
Narrow klass pointer bits 32, Max shift 3
Narrow klass base: 0x000001e92d000000, Narrow klass shift: 0
Encoding Range: [0x000001e92d000000 - 0x000001ea2d000000), (4294967296 bytes)
Klass Range:    [0x000001e92d000000 - 0x000001e96e000000), (1090519040 bytes)
Klass ID Range:  [8 - 1090519033) (1090519025)

GC Precious Log:
 CardTable entry size: 512
 Card Set container configuration: InlinePtr #cards 4 size 8 Array Of Cards #cards 16 size 48 Howl #buckets 8 coarsen threshold 3686 Howl Bitmap #cards 512 size 80 coarsen threshold 460 Card regions per heap region 1 cards per card region 4096
 CPUs: 16 total, 16 available
 Memory: 14188M
 Large Page Support: Disabled
 NUMA Support: Disabled
 Compressed Oops: Enabled (Zero based)
 Heap Region Size: 2M
 Heap Min Capacity: 8M
 Heap Initial Capacity: 222M
 Heap Max Capacity: 3548M
 Pre-touch: Disabled
 Parallel Workers: 13
 Concurrent Workers: 3
 Concurrent Refinement Workers: 13
 Periodic GC: Disabled

Heap:
 garbage-first heap   total reserved 3633152K, committed 75776K, used 54743K [0x0000000722400000, 0x0000000800000000)
  region size 2048K, 17 young (34816K), 3 survivors (6144K)
 Metaspace       used 69738K, committed 70272K, reserved 1114112K
  class space    used 7601K, committed 7808K, reserved 1048576K

Heap Regions: E=young(eden), S=young(survivor), O=old, HS=humongous(starts), HC=humongous(continues), CS=collection set, F=free, TAMS=top-at-mark-start, PB=parsable bottom
|   0|0x0000000722400000, 0x0000000722600000, 0x0000000722600000|100%| O|  |TAMS 0x0000000722400000| PB 0x0000000722400000| Untracked |  0
|   1|0x0000000722600000, 0x0000000722800000, 0x0000000722800000|100%| O|  |TAMS 0x0000000722600000| PB 0x0000000722600000| Untracked |  0
|   2|0x0000000722800000, 0x0000000722a00000, 0x0000000722a00000|100%| O|  |TAMS 0x0000000722800000| PB 0x0000000722800000| Untracked |  0
|   3|0x0000000722a00000, 0x0000000722c00000, 0x0000000722c00000|100%| O|  |TAMS 0x0000000722a00000| PB 0x0000000722a00000| Untracked |  0
|   4|0x0000000722c00000, 0x0000000722e00000, 0x0000000722e00000|100%| O|  |TAMS 0x0000000722c00000| PB 0x0000000722c00000| Untracked |  0
|   5|0x0000000722e00000, 0x0000000723000000, 0x0000000723000000|100%| O|  |TAMS 0x0000000722e00000| PB 0x0000000722e00000| Untracked |  0
|   6|0x0000000723000000, 0x0000000723200000, 0x0000000723200000|100%| O|  |TAMS 0x0000000723000000| PB 0x0000000723000000| Untracked |  0
|   7|0x0000000723200000, 0x0000000723400000, 0x0000000723400000|100%| O|Cm|TAMS 0x0000000723200000| PB 0x0000000723200000| Complete |  0
|   8|0x0000000723400000, 0x0000000723600000, 0x0000000723600000|100%| O|  |TAMS 0x0000000723400000| PB 0x0000000723400000| Untracked |  0
|   9|0x0000000723600000, 0x0000000723682440, 0x0000000723800000| 25%| O|  |TAMS 0x0000000723600000| PB 0x0000000723600000| Untracked |  0
|  10|0x0000000723800000, 0x0000000723800000, 0x0000000723a00000|  0%| F|  |TAMS 0x0000000723800000| PB 0x0000000723800000| Untracked |  0
|  11|0x0000000723a00000, 0x0000000723a00000, 0x0000000723c00000|  0%| F|  |TAMS 0x0000000723a00000| PB 0x0000000723a00000| Untracked |  0
|  12|0x0000000723c00000, 0x0000000723cf37e0, 0x0000000723e00000| 47%| S|CS|TAMS 0x0000000723c00000| PB 0x0000000723c00000| Complete |  0
|  13|0x0000000723e00000, 0x0000000724000000, 0x0000000724000000|100%| S|CS|TAMS 0x0000000723e00000| PB 0x0000000723e00000| Complete |  0
|  14|0x0000000724000000, 0x0000000724200000, 0x0000000724200000|100%| S|CS|TAMS 0x0000000724000000| PB 0x0000000724000000| Complete |  0
|  15|0x0000000724200000, 0x0000000724200000, 0x0000000724400000|  0%| F|  |TAMS 0x0000000724200000| PB 0x0000000724200000| Untracked |  0
|  16|0x0000000724400000, 0x0000000724400000, 0x0000000724600000|  0%| F|  |TAMS 0x0000000724400000| PB 0x0000000724400000| Untracked |  0
|  17|0x0000000724600000, 0x0000000724600000, 0x0000000724800000|  0%| F|  |TAMS 0x0000000724600000| PB 0x0000000724600000| Untracked |  0
|  18|0x0000000724800000, 0x0000000724800000, 0x0000000724a00000|  0%| F|  |TAMS 0x0000000724800000| PB 0x0000000724800000| Untracked |  0
|  19|0x0000000724a00000, 0x0000000724a00000, 0x0000000724c00000|  0%| F|  |TAMS 0x0000000724a00000| PB 0x0000000724a00000| Untracked |  0
|  20|0x0000000724c00000, 0x0000000724c6e3a0, 0x0000000724e00000| 21%| E|  |TAMS 0x0000000724c00000| PB 0x0000000724c00000| Complete |  0
|  21|0x0000000724e00000, 0x0000000725000000, 0x0000000725000000|100%| E|CS|TAMS 0x0000000724e00000| PB 0x0000000724e00000| Complete |  0
|  22|0x0000000725000000, 0x0000000725200000, 0x0000000725200000|100%| E|CS|TAMS 0x0000000725000000| PB 0x0000000725000000| Complete |  0
|  23|0x0000000725200000, 0x0000000725400000, 0x0000000725400000|100%| E|  |TAMS 0x0000000725200000| PB 0x0000000725200000| Complete |  0
|  24|0x0000000725400000, 0x0000000725600000, 0x0000000725600000|100%| E|CS|TAMS 0x0000000725400000| PB 0x0000000725400000| Complete |  0
|  25|0x0000000725600000, 0x0000000725800000, 0x0000000725800000|100%| E|CS|TAMS 0x0000000725600000| PB 0x0000000725600000| Complete |  0
|  80|0x000000072c400000, 0x000000072c600000, 0x000000072c600000|100%| E|CS|TAMS 0x000000072c400000| PB 0x000000072c400000| Complete |  0
|  81|0x000000072c600000, 0x000000072c800000, 0x000000072c800000|100%| E|CS|TAMS 0x000000072c600000| PB 0x000000072c600000| Complete |  0
|  82|0x000000072c800000, 0x000000072ca00000, 0x000000072ca00000|100%| E|CS|TAMS 0x000000072c800000| PB 0x000000072c800000| Complete |  0
|  83|0x000000072ca00000, 0x000000072cc00000, 0x000000072cc00000|100%| E|CS|TAMS 0x000000072ca00000| PB 0x000000072ca00000| Complete |  0
|  88|0x000000072d400000, 0x000000072d600000, 0x000000072d600000|100%| E|CS|TAMS 0x000000072d400000| PB 0x000000072d400000| Complete |  0
|  89|0x000000072d600000, 0x000000072d800000, 0x000000072d800000|100%| E|CS|TAMS 0x000000072d600000| PB 0x000000072d600000| Complete |  0
| 110|0x0000000730000000, 0x0000000730200000, 0x0000000730200000|100%| E|CS|TAMS 0x0000000730000000| PB 0x0000000730000000| Complete |  0
|1770|0x00000007ff800000, 0x00000007ffa00000, 0x00000007ffa00000|100%| O|  |TAMS 0x00000007ff800000| PB 0x00000007ff800000| Untracked |  0
|1771|0x00000007ffa00000, 0x00000007ffc00000, 0x00000007ffc00000|100%| O|  |TAMS 0x00000007ffa00000| PB 0x00000007ffa00000| Untracked |  0
|1772|0x00000007ffc00000, 0x00000007ffe00000, 0x00000007ffe00000|100%| O|  |TAMS 0x00000007ffc00000| PB 0x00000007ffc00000| Untracked |  0
|1773|0x00000007ffe00000, 0x0000000800000000, 0x0000000800000000|100%| E|CS|TAMS 0x00000007ffe00000| PB 0x00000007ffe00000| Complete |  0

Card table byte_map: [0x000001e9257a0000,0x000001e925e90000] _byte_map_base: 0x000001e921e8e000

Marking Bits: (CMBitMap*) 0x000001e90b145dc0
 Bits: [0x000001e925e90000, 0x000001e929600000)

Polling page: 0x000001e90ae70000

Metaspace:

Usage:
  Non-class:     60.68 MB used.
      Class:      7.42 MB used.
       Both:     68.10 MB used.

Virtual space:
  Non-class space:       64.00 MB reserved,      61.00 MB ( 95%) committed,  1 nodes.
      Class space:        1.00 GB reserved,       7.62 MB ( <1%) committed,  1 nodes.
             Both:        1.06 GB reserved,      68.62 MB (  6%) committed. 

Chunk freelists:
   Non-Class:  2.45 MB
       Class:  8.19 MB
        Both:  10.64 MB

MaxMetaspaceSize: unlimited
CompressedClassSpaceSize: 1.00 GB
Initial GC threshold: 21.00 MB
Current GC threshold: 98.38 MB
CDS: on
 - commit_granule_bytes: 65536.
 - commit_granule_words: 8192.
 - virtual_space_node_default_size: 8388608.
 - enlarge_chunks_in_place: 1.
UseCompressedClassPointers 1, UseCompactObjectHeaders 0
Narrow klass pointer bits 32, Max shift 3
Narrow klass base: 0x000001e92d000000, Narrow klass shift: 0
Encoding Range: [0x000001e92d000000 - 0x000001ea2d000000), (4294967296 bytes)
Klass Range:    [0x000001e92d000000 - 0x000001e96e000000), (1090519040 bytes)
Klass ID Range:  [8 - 1090519033) (1090519025)


Internal statistics:

num_allocs_failed_limit: 9.
num_arena_births: 690.
num_arena_deaths: 0.
num_vsnodes_births: 2.
num_vsnodes_deaths: 0.
num_space_committed: 1098.
num_space_uncommitted: 0.
num_chunks_returned_to_freelist: 9.
num_chunks_taken_from_freelist: 3126.
num_chunk_merges: 9.
num_chunk_splits: 2329.
num_chunks_enlarged: 1923.
num_inconsistent_stats: 0.

CodeHeap 'non-profiled nmethods': size=119232Kb used=3327Kb max_used=3327Kb free=115904Kb
 bounds [0x000001e91cc90000, 0x000001e91cfd0000, 0x000001e924100000]
CodeHeap 'profiled nmethods': size=119104Kb used=10512Kb max_used=10512Kb free=108591Kb
 bounds [0x000001e915100000, 0x000001e915b50000, 0x000001e91c550000]
CodeHeap 'non-nmethods': size=7424Kb used=1553Kb max_used=3379Kb free=5870Kb
 bounds [0x000001e91c550000, 0x000001e91c8a0000, 0x000001e91cc90000]
CodeCache: size=245760Kb, used=15392Kb, max_used=17218Kb, free=230365Kb
 total_blobs=6789, nmethods=6075, adapters=618, full_count=0
Compilation: enabled, stopped_count=0, restarted_count=0

Compilation events (20 events):
Event: 736.680 Thread 0x000001e92c6840f0 6868       1       com.fasterxml.jackson.core.io.SerializedString::getValue (5 bytes)
Event: 736.680 Thread 0x000001e92c682150 nmethod 6872 0x000001e91cfcf088 code [0x000001e91cfcf180, 0x000001e91cfcf1f8]
Event: 736.680 Thread 0x000001e92c6840f0 nmethod 6868 0x000001e91cfcf388 code [0x000001e91cfcf480, 0x000001e91cfcf548]
Event: 736.680 Thread 0x000001e92c682150 6876       4       java.nio.ByteBuffer::limit (8 bytes)
Event: 736.680 Thread 0x000001e92c6840f0 6871       3       org.apache.tomcat.util.buf.MessageBytes::setString (33 bytes)
Event: 736.680 Thread 0x000001e92c6840f0 nmethod 6871 0x000001e915b42488 code [0x000001e915b425a0, 0x000001e915b42788]
Event: 736.680 Thread 0x000001e92c6840f0 6874   !   3       jdk.internal.misc.ScopedMemoryAccess::copyMemory (27 bytes)
Event: 736.681 Thread 0x000001e92c6840f0 nmethod 6874 0x000001e915b42808 code [0x000001e915b429a0, 0x000001e915b43030]
Event: 736.681 Thread 0x000001e92c6840f0 6875   !   3       jdk.internal.misc.ScopedMemoryAccess::copyMemoryInternal (56 bytes)
Event: 736.681 Thread 0x000001e92c682150 nmethod 6876 0x000001e91cfcf688 code [0x000001e91cfcf780, 0x000001e91cfcf880]
Event: 736.681 Thread 0x000001e92c6840f0 nmethod 6875 0x000001e915b43088 code [0x000001e915b43200, 0x000001e915b437a0]
Event: 736.681 Thread 0x000001e92c6840f0 6873       3       org.apache.tomcat.util.buf.ByteChunk::setBytes (31 bytes)
Event: 736.681 Thread 0x000001e92c6840f0 nmethod 6873 0x000001e915b43808 code [0x000001e915b43920, 0x000001e915b43a90]
Event: 738.290 Thread 0x000001e92c6840f0 6877       3       java.util.HashSet::contains (9 bytes)
Event: 738.291 Thread 0x000001e92c6840f0 nmethod 6877 0x000001e915b43b08 code [0x000001e915b43c20, 0x000001e915b43e00]
Event: 772.398 Thread 0x000001e92c682150 6879       4       java.util.concurrent.TimeUnit::toNanos (45 bytes)
Event: 772.399 Thread 0x000001e92c682150 nmethod 6879 0x000001e91cfcfc88 code [0x000001e91cfcfd80, 0x000001e91cfcfe68]
Event: 828.904 Thread 0x000001e92c6840f0 6880       3       sun.nio.ch.IOStatus::okayToRetry (22 bytes)
Event: 828.904 Thread 0x000001e92c6840f0 nmethod 6880 0x000001e915b43e88 code [0x000001e915b43fa0, 0x000001e915b44118]
Event: 837.823 Thread 0x000001e92c682150 6881       4       java.util.AbstractCollection::containsAll (38 bytes)

GC Heap History (18 events):
Event: 1.174 GC heap before
{Heap before GC invocations=0 (full 0):
 garbage-first heap   total reserved 3633152K, committed 229376K, used 48244K [0x0000000722400000, 0x0000000800000000)
  region size 2048K, 24 young (49152K), 0 survivors (0K)
 Metaspace       used 10788K, committed 11072K, reserved 1114112K
  class space    used 1138K, committed 1280K, reserved 1048576K
}
Event: 1.179 GC heap after
{Heap after GC invocations=1 (full 0):
 garbage-first heap   total reserved 3633152K, committed 229376K, used 11682K [0x0000000722400000, 0x0000000800000000)
  region size 2048K, 3 young (6144K), 3 survivors (6144K)
 Metaspace       used 10788K, committed 11072K, reserved 1114112K
  class space    used 1138K, committed 1280K, reserved 1048576K
}
Event: 1.727 GC heap before
{Heap before GC invocations=1 (full 0):
 garbage-first heap   total reserved 3633152K, committed 229376K, used 52642K [0x0000000722400000, 0x0000000800000000)
  region size 2048K, 24 young (49152K), 3 survivors (6144K)
 Metaspace       used 21289K, committed 21504K, reserved 1114112K
  class space    used 2135K, committed 2240K, reserved 1048576K
}
Event: 1.733 GC heap after
{Heap after GC invocations=2 (full 0):
 garbage-first heap   total reserved 3633152K, committed 229376K, used 14168K [0x0000000722400000, 0x0000000800000000)
  region size 2048K, 6 young (12288K), 6 survivors (12288K)
 Metaspace       used 21289K, committed 21504K, reserved 1114112K
  class space    used 2135K, committed 2240K, reserved 1048576K
}
Event: 2.538 GC heap before
{Heap before GC invocations=3 (full 0):
 garbage-first heap   total reserved 3633152K, committed 61440K, used 57176K [0x0000000722400000, 0x0000000800000000)
  region size 2048K, 27 young (55296K), 6 survivors (12288K)
 Metaspace       used 27225K, committed 27520K, reserved 1114112K
  class space    used 2809K, committed 2944K, reserved 1048576K
}
Event: 2.546 GC heap after
{Heap after GC invocations=4 (full 0):
 garbage-first heap   total reserved 3633152K, committed 75776K, used 17675K [0x0000000722400000, 0x0000000800000000)
  region size 2048K, 4 young (8192K), 4 survivors (8192K)
 Metaspace       used 27225K, committed 27520K, reserved 1114112K
  class space    used 2809K, committed 2944K, reserved 1048576K
}
Event: 3.180 GC heap before
{Heap before GC invocations=4 (full 0):
 garbage-first heap   total reserved 3633152K, committed 75776K, used 50443K [0x0000000722400000, 0x0000000800000000)
  region size 2048K, 20 young (40960K), 4 survivors (8192K)
 Metaspace       used 32362K, committed 32768K, reserved 1114112K
  class space    used 3410K, committed 3584K, reserved 1048576K
}
Event: 3.187 GC heap after
{Heap after GC invocations=5 (full 0):
 garbage-first heap   total reserved 3633152K, committed 75776K, used 20438K [0x0000000722400000, 0x0000000800000000)
  region size 2048K, 2 young (4096K), 2 survivors (4096K)
 Metaspace       used 32362K, committed 32768K, reserved 1114112K
  class space    used 3410K, committed 3584K, reserved 1048576K
}
Event: 3.525 GC heap before
{Heap before GC invocations=5 (full 0):
 garbage-first heap   total reserved 3633152K, committed 75776K, used 34774K [0x0000000722400000, 0x0000000800000000)
  region size 2048K, 10 young (20480K), 2 survivors (4096K)
 Metaspace       used 35580K, committed 35968K, reserved 1114112K
  class space    used 3732K, committed 3904K, reserved 1048576K
}
Event: 3.527 GC heap after
{Heap after GC invocations=6 (full 0):
 garbage-first heap   total reserved 3633152K, committed 75776K, used 20865K [0x0000000722400000, 0x0000000800000000)
  region size 2048K, 2 young (4096K), 2 survivors (4096K)
 Metaspace       used 35580K, committed 35968K, reserved 1114112K
  class space    used 3732K, committed 3904K, reserved 1048576K
}
Event: 4.573 GC heap before
{Heap before GC invocations=7 (full 0):
 garbage-first heap   total reserved 3633152K, committed 75776K, used 55681K [0x0000000722400000, 0x0000000800000000)
  region size 2048K, 19 young (38912K), 2 survivors (4096K)
 Metaspace       used 45619K, committed 46080K, reserved 1114112K
  class space    used 4758K, committed 4928K, reserved 1048576K
}
Event: 4.577 GC heap after
{Heap after GC invocations=8 (full 0):
 garbage-first heap   total reserved 3633152K, committed 75776K, used 23254K [0x0000000722400000, 0x0000000800000000)
  region size 2048K, 2 young (4096K), 2 survivors (4096K)
 Metaspace       used 45619K, committed 46080K, reserved 1114112K
  class space    used 4758K, committed 4928K, reserved 1048576K
}
Event: 5.269 GC heap before
{Heap before GC invocations=8 (full 0):
 garbage-first heap   total reserved 3633152K, committed 75776K, used 56022K [0x0000000722400000, 0x0000000800000000)
  region size 2048K, 19 young (38912K), 2 survivors (4096K)
 Metaspace       used 55807K, committed 56256K, reserved 1114112K
  class space    used 5968K, committed 6144K, reserved 1048576K
}
Event: 5.272 GC heap after
{Heap after GC invocations=9 (full 0):
 garbage-first heap   total reserved 3633152K, committed 75776K, used 25082K [0x0000000722400000, 0x0000000800000000)
  region size 2048K, 3 young (6144K), 3 survivors (6144K)
 Metaspace       used 55807K, committed 56256K, reserved 1114112K
  class space    used 5968K, committed 6144K, reserved 1048576K
}
Event: 5.827 GC heap before
{Heap before GC invocations=9 (full 0):
 garbage-first heap   total reserved 3633152K, committed 75776K, used 51706K [0x0000000722400000, 0x0000000800000000)
  region size 2048K, 17 young (34816K), 3 survivors (6144K)
 Metaspace       used 59825K, committed 60288K, reserved 1114112K
  class space    used 6419K, committed 6592K, reserved 1048576K
}
Event: 5.832 GC heap after
{Heap after GC invocations=10 (full 0):
 garbage-first heap   total reserved 3633152K, committed 75776K, used 27730K [0x0000000722400000, 0x0000000800000000)
  region size 2048K, 3 young (6144K), 3 survivors (6144K)
 Metaspace       used 59825K, committed 60288K, reserved 1114112K
  class space    used 6419K, committed 6592K, reserved 1048576K
}
Event: 59.792 GC heap before
{Heap before GC invocations=11 (full 0):
 garbage-first heap   total reserved 3633152K, committed 75776K, used 58450K [0x0000000722400000, 0x0000000800000000)
  region size 2048K, 19 young (38912K), 3 survivors (6144K)
 Metaspace       used 65573K, committed 66112K, reserved 1114112K
  class space    used 7092K, committed 7296K, reserved 1048576K
}
Event: 59.796 GC heap after
{Heap after GC invocations=12 (full 0):
 garbage-first heap   total reserved 3633152K, committed 75776K, used 30167K [0x0000000722400000, 0x0000000800000000)
  region size 2048K, 3 young (6144K), 3 survivors (6144K)
 Metaspace       used 65573K, committed 66112K, reserved 1114112K
  class space    used 7092K, committed 7296K, reserved 1048576K
}

Dll operation events (12 events):
Event: 0.013 Loaded shared library C:\Program Files\Java\jdk-24\bin\java.dll
Event: 0.052 Loaded shared library C:\Program Files\Java\jdk-24\bin\jsvml.dll
Event: 0.158 Loaded shared library C:\Program Files\Java\jdk-24\bin\zip.dll
Event: 0.161 Loaded shared library C:\Program Files\Java\jdk-24\bin\instrument.dll
Event: 0.167 Loaded shared library C:\Program Files\Java\jdk-24\bin\net.dll
Event: 0.169 Loaded shared library C:\Program Files\Java\jdk-24\bin\nio.dll
Event: 0.172 Loaded shared library C:\Program Files\Java\jdk-24\bin\zip.dll
Event: 0.272 Loaded shared library C:\Program Files\Java\jdk-24\bin\extnet.dll
Event: 0.296 Loaded shared library C:\Program Files\Java\jdk-24\bin\jimage.dll
Event: 0.540 Loaded shared library C:\Program Files\Java\jdk-24\bin\management.dll
Event: 0.542 Loaded shared library C:\Program Files\Java\jdk-24\bin\management_ext.dll
Event: 1.914 Loaded shared library C:\Program Files\Java\jdk-24\bin\sunmscapi.dll

Deoptimization events (20 events):
Event: 736.496 Thread 0x000001e972b12ae0 Uncommon trap: trap_request=0xffffff4d fr.pc=0x000001e91cd6f8c0 relative=0x0000000000000420
Event: 736.496 Thread 0x000001e972b12ae0 Uncommon trap: reason=unstable_if action=reinterpret pc=0x000001e91cd6f8c0 method=java.util.HashMap.getNode(Ljava/lang/Object;)Ljava/util/HashMap$Node; @ 66 c2
Event: 736.496 Thread 0x000001e972b12ae0 DEOPT PACKING pc=0x000001e91cd6f8c0 sp=0x0000008bac8fd3f0
Event: 736.496 Thread 0x000001e972b12ae0 DEOPT UNPACKING pc=0x000001e91c664102 sp=0x0000008bac8fd2a0 mode 2
Event: 736.496 Thread 0x000001e972b12ae0 Uncommon trap: trap_request=0xffffff66 fr.pc=0x000001e91cf84f6c relative=0x0000000000001e8c
Event: 736.496 Thread 0x000001e972b12ae0 Uncommon trap: reason=speculate_class_check action=maybe_recompile pc=0x000001e91cf84f6c method=org.springframework.transaction.interceptor.AbstractFallbackTransactionAttributeSource.getTransactionAttribute(Ljava/lang/reflect/Method;Ljava/lang/Class;Z)Lor
Event: 736.496 Thread 0x000001e972b12ae0 DEOPT PACKING pc=0x000001e91cf84f6c sp=0x0000008bac8fd010
Event: 736.496 Thread 0x000001e972b12ae0 DEOPT UNPACKING pc=0x000001e91c664102 sp=0x0000008bac8fd028 mode 2
Event: 736.496 Thread 0x000001e972b12ae0 Uncommon trap: trap_request=0xffffffde fr.pc=0x000001e91cf66160 relative=0x0000000000000820
Event: 736.496 Thread 0x000001e972b12ae0 Uncommon trap: reason=class_check action=maybe_recompile pc=0x000001e91cf66160 method=org.springframework.core.annotation.AnnotatedElementUtils.getAnnotationAttributes(Lorg/springframework/core/annotation/MergedAnnotation;ZZ)Lorg/springframework/core/anno
Event: 736.496 Thread 0x000001e972b12ae0 DEOPT PACKING pc=0x000001e91cf66160 sp=0x0000008bac8fcf50
Event: 736.496 Thread 0x000001e972b12ae0 DEOPT UNPACKING pc=0x000001e91c664102 sp=0x0000008bac8fcd80 mode 2
Event: 736.596 Thread 0x000001e972b12ae0 Uncommon trap: trap_request=0xffffff4d fr.pc=0x000001e91ced47bc relative=0x000000000000115c
Event: 736.596 Thread 0x000001e972b12ae0 Uncommon trap: reason=unstable_if action=reinterpret pc=0x000001e91ced47bc method=jdk.internal.loader.Resource.getBytes()[B @ 35 c2
Event: 736.596 Thread 0x000001e972b12ae0 DEOPT PACKING pc=0x000001e91ced47bc sp=0x0000008bac8fa020
Event: 736.596 Thread 0x000001e972b12ae0 DEOPT UNPACKING pc=0x000001e91c664102 sp=0x0000008bac8f9fe0 mode 2
Event: 736.669 Thread 0x000001e972b12ae0 Uncommon trap: trap_request=0xffffffde fr.pc=0x000001e91ce1155c relative=0x00000000000003dc
Event: 736.669 Thread 0x000001e972b12ae0 Uncommon trap: reason=class_check action=maybe_recompile pc=0x000001e91ce1155c method=org.springframework.core.ResolvableType.resolveType()Lorg/springframework/core/ResolvableType; @ 123 c2
Event: 736.669 Thread 0x000001e972b12ae0 DEOPT PACKING pc=0x000001e91ce1155c sp=0x0000008bac8fc940
Event: 736.669 Thread 0x000001e972b12ae0 DEOPT UNPACKING pc=0x000001e91c664102 sp=0x0000008bac8fc8d8 mode 2

Classes loaded (20 events):
Event: 59.775 Loading class java/util/stream/ReduceOps$6ReducingSink
Event: 59.775 Loading class java/util/stream/ReduceOps$6ReducingSink done
Event: 59.775 Loading class java/util/stream/ReferencePipeline$4$1
Event: 59.775 Loading class java/util/stream/ReferencePipeline$4$1 done
Event: 59.780 Loading class java/lang/Throwable$WrappedPrintWriter
Event: 59.780 Loading class java/lang/Throwable$PrintStreamOrWriter
Event: 59.780 Loading class java/lang/Throwable$PrintStreamOrWriter done
Event: 59.780 Loading class java/lang/Throwable$WrappedPrintWriter done
Event: 59.811 Loading class java/util/stream/LongStream
Event: 59.812 Loading class java/util/stream/LongStream done
Event: 59.812 Loading class java/util/stream/DoubleStream
Event: 59.812 Loading class java/util/stream/DoubleStream done
Event: 83.541 Loading class java/math/MutableBigInteger
Event: 83.541 Loading class java/math/MutableBigInteger done
Event: 736.638 Loading class java/util/regex/Pattern$SliceI
Event: 736.638 Loading class java/util/regex/Pattern$SliceI done
Event: 736.638 Loading class java/util/regex/Pattern$Bound
Event: 736.638 Loading class java/util/regex/Pattern$Bound done
Event: 736.679 Loading class java/math/BigDecimal$StringBuilderHelper
Event: 736.679 Loading class java/math/BigDecimal$StringBuilderHelper done

Classes unloaded (0 events):
No events

Classes redefined (0 events):
No events

Internal exceptions (20 events):
Event: 5.837 Thread 0x000001e92c673b90 Exception <a 'java/lang/NoSuchMethodError'{0x00000007ffe29618}: 'java.lang.Object java.lang.invoke.DirectMethodHandle$Holder.invokeSpecial(java.lang.Object, java.lang.Object, int, java.lang.Object, java.lang.Object)'> (0x00000007ffe29618) 
thrown [s\open\src\hotspot\share\interpreter\linkResolver.cpp, line 805]
Event: 5.837 Thread 0x000001e92c673b90 Exception <a 'java/lang/NoSuchMethodError'{0x00000007ffe31c60}: 'java.lang.Object java.lang.invoke.DelegatingMethodHandle$Holder.delegate(java.lang.Object, int, java.lang.Object, java.lang.Object)'> (0x00000007ffe31c60) 
thrown [s\open\src\hotspot\share\interpreter\linkResolver.cpp, line 805]
Event: 5.841 Thread 0x000001e92c673b90 Exception <a 'java/lang/NoSuchMethodError'{0x00000007ffe55c28}: 'int java.lang.invoke.Invokers$Holder.linkToTargetMethod(java.lang.Object, java.lang.Object, java.lang.Object)'> (0x00000007ffe55c28) 
thrown [s\open\src\hotspot\share\interpreter\linkResolver.cpp, line 805]
Event: 5.931 Thread 0x000001e92c673b90 Exception <a 'java/lang/IncompatibleClassChangeError'{0x000000073016c818}: Found class java.lang.Object, but interface was expected> (0x000000073016c818) 
thrown [s\open\src\hotspot\share\interpreter\linkResolver.cpp, line 872]
Event: 5.956 Thread 0x000001e92c673b90 Implicit null exception at 0x000001e91cd7a848 to 0x000001e91cd7a916
Event: 6.017 Thread 0x000001e92c673b90 Exception <a 'java/lang/NoSuchMethodError'{0x000000072d53d9c8}: 'int java.lang.invoke.DirectMethodHandle$Holder.invokeStaticInit(java.lang.Object, java.lang.Object, java.lang.Object, java.lang.Object)'> (0x000000072d53d9c8) 
thrown [s\open\src\hotspot\share\interpreter\linkResolver.cpp, line 805]
Event: 6.021 Thread 0x000001e92c673b90 Implicit null exception at 0x000001e91ce3479b to 0x000001e91ce34c98
Event: 6.062 Thread 0x000001e92c673b90 Exception <a 'java/lang/IncompatibleClassChangeError'{0x000000072cb170f8}: Found class java.lang.Object, but interface was expected> (0x000000072cb170f8) 
thrown [s\open\src\hotspot\share\interpreter\linkResolver.cpp, line 872]
Event: 6.079 Thread 0x000001e92c673b90 Implicit null exception at 0x000001e91cdc8822 to 0x000001e91cdc891c
Event: 6.248 Thread 0x000001e92c673b90 Exception <a 'java/lang/NoSuchMethodError'{0x000000072c4a9018}: 'java.lang.Object java.lang.invoke.DirectMethodHandle$Holder.newInvokeSpecial(java.lang.Object, java.lang.Object, int, java.lang.Object, java.lang.Object)'> (0x000000072c4a9018) 
thrown [s\open\src\hotspot\share\interpreter\linkResolver.cpp, line 805]
Event: 59.484 Thread 0x000001e9731afea0 Exception <a 'java/lang/NoSuchMethodError'{0x0000000725701be0}: 'java.lang.Object java.lang.invoke.DirectMethodHandle$Holder.invokeStatic(java.lang.Object, java.lang.Object, java.lang.Object, int, int)'> (0x0000000725701be0) 
thrown [s\open\src\hotspot\share\interpreter\linkResolver.cpp, line 805]
Event: 59.484 Thread 0x000001e9731afea0 Exception <a 'java/lang/NoSuchMethodError'{0x0000000725705b20}: 'java.lang.Object java.lang.invoke.DirectMethodHandle$Holder.invokeStaticInit(java.lang.Object, java.lang.Object, java.lang.Object, int, int)'> (0x0000000725705b20) 
thrown [s\open\src\hotspot\share\interpreter\linkResolver.cpp, line 805]
Event: 59.512 Thread 0x000001e9731ab580 Exception <a 'java/lang/NoSuchMethodError'{0x0000000725291d08}: 'java.lang.Object java.lang.invoke.DirectMethodHandle$Holder.invokeSpecial(java.lang.Object, java.lang.Object, java.lang.Object, java.lang.Object, java.lang.Object, long)'> (0x0000000725291d08) 
thrown [s\open\src\hotspot\share\interpreter\linkResolver.cpp, line 805]
Event: 59.513 Thread 0x000001e9731ab580 Exception <a 'java/lang/NoSuchMethodError'{0x000000072529a588}: 'java.lang.Object java.lang.invoke.DirectMethodHandle$Holder.invokeSpecial(java.lang.Object, java.lang.Object, java.lang.Object, java.lang.Object, java.lang.Object, java.lang.Object, long)'> (0x000000072529a588) 
thrown [s\open\src\hotspot\share\interpreter\linkResolver.cpp, line 805]
Event: 59.513 Thread 0x000001e9731ab580 Exception <a 'java/lang/NoSuchMethodError'{0x00000007252a28f0}: 'java.lang.Object java.lang.invoke.DelegatingMethodHandle$Holder.reinvoke_L(java.lang.Object, java.lang.Object, java.lang.Object, java.lang.Object, java.lang.Object, long)'> (0x00000007252a28f0) 
thrown [s\open\src\hotspot\share\interpreter\linkResolver.cpp, line 805]
Event: 59.513 Thread 0x000001e9731ab580 Exception <a 'java/lang/NoSuchMethodError'{0x00000007252b3238}: 'java.lang.Object java.lang.invoke.Invokers$Holder.linkToTargetMethod(java.lang.Object, java.lang.Object, java.lang.Object, long, java.lang.Object)'> (0x00000007252b3238) 
thrown [s\open\src\hotspot\share\interpreter\linkResolver.cpp, line 805]
Event: 83.481 Thread 0x000001e9731abcd0 Exception <a 'java/lang/NoSuchMethodError'{0x000000072d62ce50}: 'int java.lang.invoke.DirectMethodHandle$Holder.invokeStatic(java.lang.Object, java.lang.Object, int, int)'> (0x000000072d62ce50) 
thrown [s\open\src\hotspot\share\interpreter\linkResolver.cpp, line 805]
Event: 736.593 Thread 0x000001e972b12ae0 Exception <a 'java/lang/NoSuchMethodError'{0x0000000725368fe0}: 'java.lang.Object java.lang.invoke.DirectMethodHandle$Holder.invokeStatic(java.lang.Object, java.lang.Object, java.lang.Object, java.lang.Object, java.lang.Object, java.lang.Object, java.lang.Object, java.lang.Object, java.lang.Object, java.lang.Object, java.lang.Object)'> (0x0000000725368fe0) 
thrown [s\open\src\hotspot\share\interpreter\linkResolver.cpp, line 805]
Event: 736.594 Thread 0x000001e972b12ae0 Exception <a 'java/lang/IncompatibleClassChangeError'{0x0000000725389aa8}: Found class java.lang.Object, but interface was expected> (0x0000000725389aa8) 
thrown [s\open\src\hotspot\share\interpreter\linkResolver.cpp, line 872]
Event: 736.667 Thread 0x000001e972b12ae0 Exception <a 'java/lang/IncompatibleClassChangeError'{0x0000000724e46430}: Found class java.lang.Object, but interface was expected> (0x0000000724e46430) 
thrown [s\open\src\hotspot\share\interpreter\linkResolver.cpp, line 872]

VM Operations (20 events):
Event: 59.526 Executing VM operation: HandshakeAllThreads (Deoptimize)
Event: 59.526 Executing VM operation: HandshakeAllThreads (Deoptimize) done
Event: 59.652 Executing VM operation: HandshakeAllThreads (Deoptimize)
Event: 59.652 Executing VM operation: HandshakeAllThreads (Deoptimize) done
Event: 59.783 Executing VM operation: HandshakeAllThreads (Deoptimize)
Event: 59.783 Executing VM operation: HandshakeAllThreads (Deoptimize) done
Event: 59.792 Executing VM operation: G1CollectForAllocation (G1 Evacuation Pause)
Event: 59.796 Executing VM operation: G1CollectForAllocation (G1 Evacuation Pause) done
Event: 60.171 Executing VM operation: HandshakeAllThreads (HandshakeForDeflation)
Event: 60.172 Executing VM operation: HandshakeAllThreads (HandshakeForDeflation) done
Event: 60.172 Executing VM operation: RendezvousGCThreads
Event: 60.172 Executing VM operation: RendezvousGCThreads done
Event: 120.219 Executing VM operation: HandshakeAllThreads (HandshakeForDeflation)
Event: 120.219 Executing VM operation: HandshakeAllThreads (HandshakeForDeflation) done
Event: 120.219 Executing VM operation: RendezvousGCThreads
Event: 120.219 Executing VM operation: RendezvousGCThreads done
Event: 781.380 Executing VM operation: HandshakeAllThreads (HandshakeForDeflation)
Event: 781.380 Executing VM operation: HandshakeAllThreads (HandshakeForDeflation) done
Event: 781.380 Executing VM operation: RendezvousGCThreads
Event: 781.380 Executing VM operation: RendezvousGCThreads done

Memory protections (0 events):
No events

Nmethod flushes (20 events):
Event: 5.850 Thread 0x000001e92c64f660 flushing  nmethod 0x000001e91579f888
Event: 5.850 Thread 0x000001e92c64f660 flushing  nmethod 0x000001e9157a1488
Event: 5.850 Thread 0x000001e92c64f660 flushing  nmethod 0x000001e9157e0708
Event: 5.850 Thread 0x000001e92c64f660 flushing  nmethod 0x000001e9158a3808
Event: 5.850 Thread 0x000001e92c64f660 flushing  nmethod 0x000001e9158a4d88
Event: 5.850 Thread 0x000001e92c64f660 flushing  nmethod 0x000001e915909d08
Event: 5.850 Thread 0x000001e92c64f660 flushing  nmethod 0x000001e91590a908
Event: 5.850 Thread 0x000001e92c64f660 flushing  nmethod 0x000001e9153d1c88
Event: 5.850 Thread 0x000001e92c64f660 flushing  nmethod 0x000001e9153d4588
Event: 5.850 Thread 0x000001e92c64f660 flushing  nmethod 0x000001e9153db988
Event: 5.850 Thread 0x000001e92c64f660 flushing  nmethod 0x000001e91545d088
Event: 5.850 Thread 0x000001e92c64f660 flushing  nmethod 0x000001e9154b6c08
Event: 5.850 Thread 0x000001e92c64f660 flushing  nmethod 0x000001e9154ba008
Event: 5.850 Thread 0x000001e92c64f660 flushing  nmethod 0x000001e91551c408
Event: 5.850 Thread 0x000001e92c64f660 flushing  nmethod 0x000001e915774a08
Event: 5.850 Thread 0x000001e92c64f660 flushing  nmethod 0x000001e915775588
Event: 5.850 Thread 0x000001e92c64f660 flushing  nmethod 0x000001e9159d0808
Event: 5.850 Thread 0x000001e92c64f660 flushing  nmethod 0x000001e9159d0b88
Event: 5.850 Thread 0x000001e92c64f660 flushing  nmethod 0x000001e9159d1208
Event: 5.850 Thread 0x000001e92c64f660 flushing  nmethod 0x000001e9159d1688

Events (20 events):
Event: 6.272 Thread 0x000001e92c673b90 Thread added: 0x000001e9731afea0
Event: 6.295 Thread 0x000001e92c673b90 Thread exited: 0x000001e92c673b90
Event: 6.300 Thread 0x000001e92c673440 Thread exited: 0x000001e92c673440
Event: 6.300 Thread 0x000001e90abd01e0 Thread exited: 0x000001e90abd01e0
Event: 6.300 Thread 0x000001e9731b05f0 Thread added: 0x000001e9731b05f0
Event: 8.248 Thread 0x000001e972dc1380 Thread exited: 0x000001e972dc1380
Event: 8.248 Thread 0x000001e92c764760 Thread exited: 0x000001e92c764760
Event: 8.248 Thread 0x000001e974b411b0 Thread exited: 0x000001e974b411b0
Event: 10.172 Thread 0x000001e972b0ff00 Thread exited: 0x000001e972b0ff00
Event: 13.249 Thread 0x000001e92c73e740 Thread exited: 0x000001e92c73e740
Event: 13.264 Thread 0x000001e92c91f580 Thread exited: 0x000001e92c91f580
Event: 14.930 Thread 0x000001e92c73dfb0 Thread exited: 0x000001e92c73dfb0
Event: 59.721 Thread 0x000001e92c6840f0 Thread added: 0x000001e9747c8fd0
Event: 59.724 Thread 0x000001e92c6840f0 Thread added: 0x000001e9747c9ef0
Event: 60.496 Thread 0x000001e9747c8fd0 Thread exited: 0x000001e9747c8fd0
Event: 62.880 Thread 0x000001e9747c9ef0 Thread exited: 0x000001e9747c9ef0
Event: 83.170 Thread 0x000001e92c6840f0 Thread added: 0x000001e9747cb5a0
Event: 90.290 Thread 0x000001e9747cb5a0 Thread exited: 0x000001e9747cb5a0
Event: 270.553 Thread 0x000001e92c6840f0 Thread added: 0x000001e9747c9ef0
Event: 274.822 Thread 0x000001e9747c9ef0 Thread exited: 0x000001e9747c9ef0


Dynamic libraries:
0x00007ff7c92e0000 - 0x00007ff7c92f0000 	C:\Program Files\Java\jdk-24\bin\java.exe
0x00007ff8c2640000 - 0x00007ff8c28a7000 	C:\WINDOWS\SYSTEM32\ntdll.dll
0x00007ff8c10e0000 - 0x00007ff8c11a9000 	C:\WINDOWS\System32\KERNEL32.DLL
0x00007ff8bf790000 - 0x00007ff8bfb7f000 	C:\WINDOWS\System32\KERNELBASE.dll
0x00007ff8bfc50000 - 0x00007ff8bfd9b000 	C:\WINDOWS\System32\ucrtbase.dll
0x00007ff8ba220000 - 0x00007ff8ba236000 	C:\Program Files\Java\jdk-24\bin\jli.dll
0x00007ff8bc180000 - 0x00007ff8bc19b000 	C:\Program Files\Java\jdk-24\bin\VCRUNTIME140.dll
0x00007ff8c1640000 - 0x00007ff8c1805000 	C:\WINDOWS\System32\USER32.dll
0x00007ff8bff80000 - 0x00007ff8bffa7000 	C:\WINDOWS\System32\win32u.dll
0x00007ff8a2a50000 - 0x00007ff8a2ce3000 	C:\WINDOWS\WinSxS\amd64_microsoft.windows.common-controls_6595b64144ccf1df_6.0.26100.7309_none_3e05feeae336a044\COMCTL32.dll
0x00007ff8c0600000 - 0x00007ff8c062b000 	C:\WINDOWS\System32\GDI32.dll
0x00007ff8c0c70000 - 0x00007ff8c0d19000 	C:\WINDOWS\System32\msvcrt.dll
0x00007ff8bfda0000 - 0x00007ff8bfecc000 	C:\WINDOWS\System32\gdi32full.dll
0x00007ff8bffb0000 - 0x00007ff8c0053000 	C:\WINDOWS\System32\msvcp_win.dll
0x00007ff8c1b00000 - 0x00007ff8c1b31000 	C:\WINDOWS\System32\IMM32.DLL
0x00007ff8bc0e0000 - 0x00007ff8bc0ec000 	C:\Program Files\Java\jdk-24\bin\vcruntime140_1.dll
0x00007ff88e0f0000 - 0x00007ff88e17e000 	C:\Program Files\Java\jdk-24\bin\msvcp140.dll
0x00007fffed280000 - 0x00007fffee022000 	C:\Program Files\Java\jdk-24\bin\server\jvm.dll
0x00007ff8c2540000 - 0x00007ff8c25f4000 	C:\WINDOWS\System32\ADVAPI32.dll
0x00007ff8c1a50000 - 0x00007ff8c1af6000 	C:\WINDOWS\System32\sechost.dll
0x00007ff8c0730000 - 0x00007ff8c0848000 	C:\WINDOWS\System32\RPCRT4.dll
0x00007ff8c1b40000 - 0x00007ff8c1bb4000 	C:\WINDOWS\System32\WS2_32.dll
0x00007ff8bf610000 - 0x00007ff8bf66e000 	C:\WINDOWS\SYSTEM32\POWRPROF.dll
0x00007ff8aa9b0000 - 0x00007ff8aa9e5000 	C:\WINDOWS\SYSTEM32\WINMM.dll
0x00007ff8b6bf0000 - 0x00007ff8b6bfb000 	C:\WINDOWS\SYSTEM32\VERSION.dll
0x00007ff8bf5f0000 - 0x00007ff8bf604000 	C:\WINDOWS\SYSTEM32\UMPDC.dll
0x00007ff8be510000 - 0x00007ff8be52b000 	C:\WINDOWS\SYSTEM32\kernel.appcore.dll
0x00007ff8b8c50000 - 0x00007ff8b8c5a000 	C:\Program Files\Java\jdk-24\bin\jimage.dll
0x00007ff8bd0b0000 - 0x00007ff8bd2f2000 	C:\WINDOWS\SYSTEM32\DBGHELP.DLL
0x00007ff8c08e0000 - 0x00007ff8c0c65000 	C:\WINDOWS\System32\combase.dll
0x00007ff8c1880000 - 0x00007ff8c1956000 	C:\WINDOWS\System32\OLEAUT32.dll
0x00007ff89dbc0000 - 0x00007ff89dbfc000 	C:\WINDOWS\SYSTEM32\dbgcore.DLL
0x00007ff8bfed0000 - 0x00007ff8bff75000 	C:\WINDOWS\System32\bcryptPrimitives.dll
0x00007ff8b8830000 - 0x00007ff8b883f000 	C:\Program Files\Java\jdk-24\bin\instrument.dll
0x00007ff8b87e0000 - 0x00007ff8b87fe000 	C:\Program Files\Java\jdk-24\bin\java.dll
0x00007ff8c0f30000 - 0x00007ff8c10c7000 	C:\WINDOWS\System32\ole32.dll
0x00007ff8c1c00000 - 0x00007ff8c2353000 	C:\WINDOWS\System32\SHELL32.dll
0x00007ff8c0060000 - 0x00007ff8c01ca000 	C:\WINDOWS\System32\wintypes.dll
0x00007ff8bd370000 - 0x00007ff8bdbce000 	C:\WINDOWS\SYSTEM32\windows.storage.dll
0x00007ff8c0630000 - 0x00007ff8c0725000 	C:\WINDOWS\System32\SHCORE.dll
0x00007ff8c1810000 - 0x00007ff8c1876000 	C:\WINDOWS\System32\shlwapi.dll
0x00007ff8bf6b0000 - 0x00007ff8bf6d9000 	C:\WINDOWS\SYSTEM32\profapi.dll
0x00007ff888580000 - 0x00007ff888657000 	C:\Program Files\Java\jdk-24\bin\jsvml.dll
0x00007ff8b82a0000 - 0x00007ff8b82b7000 	C:\Program Files\Java\jdk-24\bin\zip.dll
0x00007ff8b8c40000 - 0x00007ff8b8c50000 	C:\Program Files\Java\jdk-24\bin\net.dll
0x00007ff8beab0000 - 0x00007ff8beb1b000 	C:\WINDOWS\system32\mswsock.dll
0x00007ff8b85b0000 - 0x00007ff8b85c6000 	C:\Program Files\Java\jdk-24\bin\nio.dll
0x00007ff8b7950000 - 0x00007ff8b7959000 	C:\Program Files\Java\jdk-24\bin\extnet.dll
0x00007ff8b8820000 - 0x00007ff8b882a000 	C:\Program Files\Java\jdk-24\bin\management.dll
0x00007ff8b8810000 - 0x00007ff8b881b000 	C:\Program Files\Java\jdk-24\bin\management_ext.dll
0x00007ff8c10d0000 - 0x00007ff8c10d8000 	C:\WINDOWS\System32\PSAPI.DLL
0x00007ff8b7960000 - 0x00007ff8b796e000 	C:\Program Files\Java\jdk-24\bin\sunmscapi.dll
0x00007ff8c01d0000 - 0x00007ff8c0347000 	C:\WINDOWS\System32\CRYPT32.dll
0x00007ff8bef90000 - 0x00007ff8befc0000 	C:\WINDOWS\SYSTEM32\ncrypt.dll
0x00007ff8bef40000 - 0x00007ff8bef7f000 	C:\WINDOWS\SYSTEM32\NTASN1.dll
0x00007ff8bed70000 - 0x00007ff8bed8b000 	C:\WINDOWS\SYSTEM32\CRYPTSP.dll
0x00007ff8be470000 - 0x00007ff8be4aa000 	C:\WINDOWS\system32\rsaenh.dll
0x00007ff8beb60000 - 0x00007ff8beb8b000 	C:\WINDOWS\SYSTEM32\USERENV.dll
0x00007ff8bf680000 - 0x00007ff8bf6aa000 	C:\WINDOWS\SYSTEM32\bcrypt.dll
0x00007ff8bed90000 - 0x00007ff8bed9c000 	C:\WINDOWS\SYSTEM32\CRYPTBASE.dll
0x00007ff8bdef0000 - 0x00007ff8bdf24000 	C:\WINDOWS\SYSTEM32\IPHLPAPI.DLL
0x00007ff8c1bd0000 - 0x00007ff8c1bda000 	C:\WINDOWS\System32\NSI.dll
0x00007ff8bdf80000 - 0x00007ff8be0ac000 	C:\WINDOWS\SYSTEM32\DNSAPI.dll
0x00007ff8b85d0000 - 0x00007ff8b85db000 	C:\Windows\System32\rasadhlp.dll
0x00007ff8b5ce0000 - 0x00007ff8b5d66000 	C:\WINDOWS\System32\fwpuclnt.dll
0x00007ff803270000 - 0x00007ff803278000 	C:\WINDOWS\system32\wshunix.dll

dbghelp: loaded successfully - version: 4.0.5 - missing functions: none
symbol engine: initialized successfully - sym options: 0x614 - pdb path: .;C:\Program Files\Java\jdk-24\bin;C:\WINDOWS\SYSTEM32;C:\WINDOWS\WinSxS\amd64_microsoft.windows.common-controls_6595b64144ccf1df_6.0.26100.7309_none_3e05feeae336a044;C:\Program Files\Java\jdk-24\bin\server

VM Arguments:
jvm_args: -javaagent:C:\Program Files\JetBrains\IntelliJ IDEA Community Edition 2025.1.3\lib\idea_rt.jar=59514 -Dfile.encoding=UTF-8 -Dsun.stdout.encoding=UTF-8 -Dsun.stderr.encoding=UTF-8 
java_command: com.KhataApplication.KhataApplication
java_class_path (initial): E:\Projects Github\SmartKhata\SmartKhataBackend\target\classes;C:\Users\Prithviraj\.m2\repository\org\springframework\boot\spring-boot-starter-data-jpa\3.5.8\spring-boot-starter-data-jpa-3.5.8.jar;C:\Users\Prithviraj\.m2\repository\org\springframework\boot\spring-boot-starter\3.5.8\spring-boot-starter-3.5.8.jar;C:\Users\Prithviraj\.m2\repository\org\springframework\boot\spring-boot-starter-logging\3.5.8\spring-boot-starter-logging-3.5.8.jar;C:\Users\Prithviraj\.m2\repository\ch\qos\logback\logback-classic\1.5.21\logback-classic-1.5.21.jar;C:\Users\Prithviraj\.m2\repository\ch\qos\logback\logback-core\1.5.21\logback-core-1.5.21.jar;C:\Users\Prithviraj\.m2\repository\org\apache\logging\log4j\log4j-to-slf4j\2.24.3\log4j-to-slf4j-2.24.3.jar;C:\Users\Prithviraj\.m2\repository\org\apache\logging\log4j\log4j-api\2.24.3\log4j-api-2.24.3.jar;C:\Users\Prithviraj\.m2\repository\org\slf4j\jul-to-slf4j\2.0.17\jul-to-slf4j-2.0.17.jar;C:\Users\Prithviraj\.m2\repository\jakarta\annotation\jakarta.annotation-api\2.1.1\jakarta.annotation-api-2.1.1.jar;C:\Users\Prithviraj\.m2\repository\org\yaml\snakeyaml\2.4\snakeyaml-2.4.jar;C:\Users\Prithviraj\.m2\repository\org\springframework\boot\spring-boot-starter-jdbc\3.5.8\spring-boot-starter-jdbc-3.5.8.jar;C:\Users\Prithviraj\.m2\repository\com\zaxxer\HikariCP\6.3.3\HikariCP-6.3.3.jar;C:\Users\Prithviraj\.m2\repository\org\springframework\spring-jdbc\6.2.14\spring-jdbc-6.2.14.jar;C:\Users\Prithviraj\.m2\repository\org\hibernate\orm\hibernate-core\6.6.36.Final\hibernate-core-6.6.36.Final.jar;C:\Users\Prithviraj\.m2\repository\jakarta\persistence\jakarta.persistence-api\3.1.0\jakarta.persistence-api-3.1.0.jar;C:\Users\Prithviraj\.m2\repository\jakarta\transaction\jakarta.transaction-api\2.0.1\jakarta.transaction-api-2.0.1.jar;C:\Users\Prithviraj\.m2\repository\org\jboss\logging\jboss-logging\3.6.1.Final\jboss-logging-3.6.1.Final.jar;C:\Users\Prithviraj\.m2\repository\org\hibernate\common\hibernate-commons-annotations\7.0.3.Final\hibernate-commons-annotations-7.0.3.Final.jar;C:\Users\Prithviraj\.m2\repository\io\smallrye\jandex\3.2.0\jandex-3.2.0.jar;C:\Users\Prithviraj\.m2\repository\com\fasterxml\classmate\1.7.1\classmate-1.7.1.jar;C:\Users\Prithviraj\.m2\repository\net\bytebuddy\byte-buddy\1.17.8\byte-buddy-1.17.8.jar;C:\Users\Prithviraj\.m2\repository\org\glassfish\jaxb\jaxb-runtime\4.0.6\jaxb-runtime-4.0.6.jar;C:\Users\Prithviraj\.m2\repository\org\glassfish\jaxb\jaxb-core\4.0.6\jaxb-core-4.0.6.jar;C:\Users\Prithviraj\.m2\repository\org\eclipse\angus\angus-activation\2.0.3\angus-activation-2.0.3.jar;C:\Users\Prithviraj\.m2\repository\org\glassfish\jaxb\txw2\4.0.6\txw2-4.0.6.jar;C:\Users\Prithviraj\.m2\repository\com\sun\istack\istack-commons-runtime\4.1.2\istack-commons-runtime-4.1.2.jar;C:\Users\Prithviraj\.m2\repository\jakarta\inject\jakarta.inject-api\2.0.1\jakarta.inject-api-2.0.1.jar;C:\Users\Prithviraj\.m2\repository\org\antlr\antlr4-runtime\4.13.0\antlr4-runtime-4.13.0.jar;C:\Users\Prithviraj\.m2\repository\org\springframework\data\spring-data-jpa\3.5.6\spring-data-jpa-3.5.6.jar;C:\Users\Prithviraj\.m2\repository\org\springframework\data\spring-data-commons\3.5.6\spring-data-commons-3.5.6.jar;C:\Users\Prithviraj\.m2\repository\org\springframework\spring-orm\6.2.14\spring-orm-6.2.14.jar;C:\Users\Prithviraj\.m2\repository\org\springframework\spring-context\6.2.14\spring-context-6.2.14.jar;C:\Users\Prithviraj\.m2\repository\org\springframework\spring-aop\6.2.14\spring-aop-6.2.14.jar;C:\Users\Prithviraj\.m2\repository\org\springframework\spring-tx\6.2.14\spring-tx-6.2.14.jar;C:\Users\Prithviraj\.m2\repository\org\springframework\spring-beans\6.2.14\spring-beans-6.2.14.jar;C:\Users\Prithviraj\.m2\repository\org\slf4j\slf4j-api\2.0.17\slf4j-api-2.0.17.jar;C:\Users\Prithviraj\.m2\repository\org\springframework\spring-aspects\6.2.14\spring-aspects-6.2.14.jar;C:\Users\Prithviraj\.m2\repository\org\aspectj\aspectjweaver\1.9.25\aspectjweaver-1.9.25.jar;C:\Users\Prithviraj\.m2\repository\org\springframework\boot\spring-boot-starter-web\3.5.8\spring-boot-starter-web-3.5.8.jar;C:\Users\Prithviraj\.m2\repository\org\springframework\boot\spring-boot-starter-json\3.5.8\spring-boot-starter-json-3.5.8.jar;C:\Users\Prithviraj\.m2\repository\com\fasterxml\jackson\core\jackson-databind\2.19.4\jackson-databind-2.19.4.jar;C:\Users\Prithviraj\.m2\repository\com\fasterxml\jackson\core\jackson-annotations\2.19.4\jackson-annotations-2.19.4.jar;C:\Users\Prithviraj\.m2\repository\com\fasterxml\jackson\core\jackson-core\2.19.4\jackson-core-2.19.4.jar;C:\Users\Prithviraj\.m2\repository\com\fasterxml\jackson\datatype\jackson-datatype-jdk8\2.19.4\jackson-datatype-jdk8-2.19.4.jar;C:\Users\Prithviraj\.m2\repository\com\fasterxml\jackson\datatype\jackson-datatype-jsr310\2.19.4\jackson-datatype-jsr310-2.19.4.jar;C:\Users\Prithviraj\.m2\repository\com\fasterxml\jackson\module\jackson-module-parameter-names\2.19.4\jackson-module-parameter-names-2.19.4.jar;C:\Users\Prithviraj\.m2\repository\org\springframework\boot\spring-boot-starter-tomcat\3.5.8\spring-boot-starter-tomcat-3.5.8.jar;C:\Users\Prithviraj\.m2\repository\org\apache\tomcat\embed\tomcat-embed-core\10.1.49\tomcat-embed-core-10.1.49.jar;C:\Users\Prithviraj\.m2\repository\org\apache\tomcat\embed\tomcat-embed-websocket\10.1.49\tomcat-embed-websocket-10.1.49.jar;C:\Users\Prithviraj\.m2\repository\org\springframework\spring-web\6.2.14\spring-web-6.2.14.jar;C:\Users\Prithviraj\.m2\repository\io\micrometer\micrometer-observation\1.15.6\micrometer-observation-1.15.6.jar;C:\Users\Prithviraj\.m2\repository\io\micrometer\micrometer-commons\1.15.6\micrometer-commons-1.15.6.jar;C:\Users\Prithviraj\.m2\repository\org\springframework\spring-webmvc\6.2.14\spring-webmvc-6.2.14.jar;C:\Users\Prithviraj\.m2\repository\org\springframework\spring-expression\6.2.14\spring-expression-6.2.14.jar;C:\Users\Prithviraj\.m2\repository\org\springframework\boot\spring-boot-devtools\3.5.8\spring-boot-devtools-3.5.8.jar;C:\Users\Prithviraj\.m2\repository\org\springframework\boot\spring-boot\3.5.8\spring-boot-3.5.8.jar;C:\Users\Prithviraj\.m2\repository\org\springframework\boot\spring-boot-autoconfigure\3.5.8\spring-boot-autoconfigure-3.5.8.jar;C:\Users\Prithviraj\.m2\repository\org\postgresql\postgresql\42.7.8\postgresql-42.7.8.jar;C:\Users\Prithviraj\.m2\repository\org\checkerframework\checker-qual\3.49.5\checker-qual-3.49.5.jar;C:\Users\Prithviraj\.m2\repository\org\projectlombok\lombok\1.18.42\lombok-1.18.42.jar;C:\Users\Prithviraj\.m2\repository\jakarta\xml\bind\jakarta.xml.bind-api\4.0.4\jakarta.xml.bind-api-4.0.4.jar;C:\Users\Prithviraj\.m2\repository\jakarta\activation\jakarta.activation-api\2.1.4\jakarta.activation-api-2.1.4.jar;C:\Users\Prithviraj\.m2\repository\org\springframework\spring-core\6.2.14\spring-core-6.2.14.jar;C:\Users\Prithviraj\.m2\repository\org\springframework\spring-jcl\6.2.14\spring-jcl-6.2.14.jar;C:\Users\Prithviraj\.m2\repository\org\springframework\boot\spring-boot-starter-validation\3.5.8\spring-boot-starter-validation-3.5.8.jar;C:\Users\Prithviraj\.m2\repository\org\apache\tomcat\embed\tomcat-embed-el\10.1.49\tomcat-embed-el-10.1.49.jar;C:\Users\Prithviraj\.m2\repository\org\hibernate\validator\hibernate-validator\8.0.3.Final\hibernate-validator-8.0.3.Final.jar;C:\Users\Prithviraj\.m2\repository\jakarta\validation\jakarta.validation-api\3.0.2\jakarta.validation-api-3.0.2.jar
Launcher Type: SUN_STANDARD

[Global flags]
     intx CICompilerCount                          = 12                                        {product} {ergonomic}
     uint ConcGCThreads                            = 3                                         {product} {ergonomic}
     uint G1ConcRefinementThreads                  = 13                                        {product} {ergonomic}
   size_t G1HeapRegionSize                         = 2097152                                   {product} {ergonomic}
   size_t InitialHeapSize                          = 232783872                                 {product} {ergonomic}
   size_t MarkStackSize                            = 4194304                                   {product} {ergonomic}
   size_t MarkStackSizeMax                         = 536870912                                 {product} {ergonomic}
   size_t MaxHeapSize                              = 3720347648                                {product} {ergonomic}
   size_t MaxNewSize                               = 2231369728                                {product} {ergonomic}
   size_t MinHeapDeltaBytes                        = 2097152                                   {product} {ergonomic}
   size_t MinHeapSize                              = 8388608                                   {product} {ergonomic}
    uintx NonNMethodCodeHeapSize                   = 7602176                                {pd product} {ergonomic}
    uintx NonProfiledCodeHeapSize                  = 122093568                              {pd product} {ergonomic}
    uintx ProfiledCodeHeapSize                     = 121962496                              {pd product} {ergonomic}
    uintx ReservedCodeCacheSize                    = 251658240                              {pd product} {ergonomic}
     bool SegmentedCodeCache                       = true                                      {product} {ergonomic}
   size_t SoftMaxHeapSize                          = 3720347648                             {manageable} {ergonomic}
     bool UseCompressedOops                        = true                           {product lp64_product} {ergonomic}
     bool UseG1GC                                  = true                                      {product} {ergonomic}
     bool UseLargePagesIndividualAllocation        = false                                  {pd product} {ergonomic}

Logging:
Log output configuration:
 #0: stdout all=warning uptime,level,tags foldmultilines=false
 #1: stderr all=off uptime,level,tags foldmultilines=false

Environment Variables:
JAVA_HOME=C:\Program Files\Java\jdk-24
PATH=C:\Program Files\Common Files\Oracle\Java\javapath;C:\Program Files (x86)\Common Files\Oracle\Java\java8path;C:\Program Files (x86)\Common Files\Oracle\Java\javapath;C:\Python313\Scripts\;C:\Python313\;C:\Python312\Scripts\;C:\Python312\;C:\db_home\bin;C:\Windows\system32;C:\Windows;C:\Windows\System32\Wbem;C:\Windows\System32\WindowsPowerShell\v1.0\;C:\Windows\System32\OpenSSH\;C:\Program Files (x86)\NVIDIA Corporation\PhysX\Common;C:\WINDOWS\system32;C:\WINDOWS;C:\WINDOWS\System32\Wbem;C:\WINDOWS\System32\WindowsPowerShell\v1.0\;C:\WINDOWS\System32\OpenSSH\;C:\Users\Prithviraj\Desktop\hello.java\hi.java;C:\MinGW\bin;C:\Program Files\NVIDIA Corporation\NVIDIA app\NvDLISR;C:\Program Files\nodejs\;C:\ProgramData\chocolatey\bin;C:\Users\Prithviraj\Downloads\apache-maven-3.9.9-bin\apache-maven-3.9.9\bin;C:\Program Files\Java\jdk-24\bin;C:\Program Files\Git\cmd;C:\Program Files\Git\bin;;C:\Program Files\Docker\Docker\resources\bin;C:\Users\Prithviraj\AppData\Local\Programs\Python\Python312\Scripts\;C:\Users\Prithviraj\AppData\Local\Programs\Python\Python312\;C:\Users\Prithviraj\AppData\Local\Programs\Python\Python310\Scripts\;C:\Users\Prithviraj\AppData\Local\Programs\Python\Python310\;C:\Users\Prithviraj\AppData\Local\Microsoft\WindowsApps;;C:\Users\Prithviraj\AppData\Local\Programs\Microsoft VS Code\bin;C:\Users\Prithviraj\AppData\Roaming\npm;C:\Program Files\JetBrains\IntelliJ IDEA Community Edition 2025.1.3\bin;
USERNAME=Prithviraj
OS=Windows_NT
PROCESSOR_IDENTIFIER=AMD64 Family 25 Model 80 Stepping 0, AuthenticAMD
TMP=C:\Users\PRITHV~1\AppData\Local\Temp
TEMP=C:\Users\PRITHV~1\AppData\Local\Temp




Periodic native trim disabled

---------------  S Y S T E M  ---------------

OS:
 Windows 11 , 64 bit Build 26100 (10.0.26100.7309)
OS uptime: 1 days 3:49 hours
Hyper-V role detected

CPU: total 16 (initial active 16) (16 cores per cpu, 2 threads per core) family 25 model 80 stepping 0 microcode 0xa50000c, cx8, cmov, fxsr, ht, mmx, 3dnowpref, sse, sse2, sse3, ssse3, sse4a, sse4.1, sse4.2, popcnt, lzcnt, tsc, tscinvbit, avx, avx2, aes, erms, clmul, bmi1, bmi2, adx, sha, fma, vzeroupper, clflush, clflushopt, hv, rdtscp, rdpid, fsrm, f16c, cet_ss
Processor Information for processor 0
  Max Mhz: 3201, Current Mhz: 3201, Mhz Limit: 3201
Processor Information for processor 1
  Max Mhz: 3201, Current Mhz: 2555, Mhz Limit: 3201
Processor Information for processor 2
  Max Mhz: 3201, Current Mhz: 2555, Mhz Limit: 3201
Processor Information for processor 3
  Max Mhz: 3201, Current Mhz: 2555, Mhz Limit: 3201
Processor Information for processor 4
  Max Mhz: 3201, Current Mhz: 2555, Mhz Limit: 3201
Processor Information for processor 5
  Max Mhz: 3201, Current Mhz: 2555, Mhz Limit: 3201
Processor Information for processor 6
  Max Mhz: 3201, Current Mhz: 2555, Mhz Limit: 3201
Processor Information for processor 7
  Max Mhz: 3201, Current Mhz: 2555, Mhz Limit: 3201
Processor Information for processor 8
  Max Mhz: 3201, Current Mhz: 2555, Mhz Limit: 3201
Processor Information for processor 9
  Max Mhz: 3201, Current Mhz: 2555, Mhz Limit: 3201
Processor Information for processor 10
  Max Mhz: 3201, Current Mhz: 2555, Mhz Limit: 3201
Processor Information for processor 11
  Max Mhz: 3201, Current Mhz: 2555, Mhz Limit: 3201
Processor Information for processor 12
  Max Mhz: 3201, Current Mhz: 2555, Mhz Limit: 3201
Processor Information for processor 13
  Max Mhz: 3201, Current Mhz: 2555, Mhz Limit: 3201
Processor Information for processor 14
  Max Mhz: 3201, Current Mhz: 2555, Mhz Limit: 3201
Processor Information for processor 15
  Max Mhz: 3201, Current Mhz: 2555, Mhz Limit: 3201

Memory: 4k page, system-wide physical 14188M (1014M free)
TotalPageFile size 24962M (AvailPageFile size 5M)
current process WorkingSet (physical memory assigned to process): 242M, peak: 271M
current process commit charge ("private bytes"): 286M, peak: 382M

vm_info: Java HotSpot(TM) 64-Bit Server VM (24+36-3646) for windows-amd64 JRE (24+36-3646), built on 2025-02-06T00:20:43Z with MS VC++ 17.6 (VS2022)

END.
